<?xml version="1.0" encoding="UTF-8"?>
<!-- Generated by org.testng.reporters.JUnitXMLReporter -->
<testsuite ignored="3" hostname="MohanKumar" failures="0" tests="5" name="Test" time="0.07" errors="0" timestamp="2024-07-06T20:59:23 IST">
  <testcase classname="testng.dependencymethods.LoginTests" name="loginByEmail" time="0.008"/>
  <testcase classname="testng.dependencymethods.LoginTests" name="loginByFaceBook" time="0.002"/>
  <testcase classname="testng.dependencymethods.LoginTests" name="loginByTwitter" time="0.001"/>
  <testcase classname="testng.dependencymethods.PaymentTest" name="paymentInRupees" time="0.001"/>
  <testcase classname="testng.dependencymethods.PaymentTest" name="paymentInDollers" time="0.002"/>
  <testcase classname="testng.dependencymethods.SignUpTest" name="signUpByFaceBook" time="0.0">
    <ignored/>
  </testcase> <!-- signUpByFaceBook -->
  <testcase classname="testng.dependencymethods.SignUpTest" name="signUpByTwitter" time="0.0">
    <ignored/>
  </testcase> <!-- signUpByTwitter -->
  <testcase classname="testng.dependencymethods.SignUpTest" name="signUpByEmail" time="0.0">
    <ignored/>
  </testcase> <!-- signUpByEmail -->
</testsuite> <!-- Test -->
