<?xml version="1.0" encoding="UTF-8"?>
<testng-results ignored="0" total="5" passed="5" failed="0" skipped="0">
  <reporter-output>
  </reporter-output>
  <suite started-at="2024-07-06T20:59:23 IST" name="Groups" finished-at="2024-07-06T20:59:23 IST" duration-ms="70">
    <groups>
      <group name="regression">
        <method signature="PaymentTest.paymentInRupees()[pri:1, instance:testng.dependencymethods.PaymentTest@1a6d8329]" name="paymentInRupees" class="testng.dependencymethods.PaymentTest"/>
        <method signature="PaymentTest.paymentInDollers()[pri:2, instance:testng.dependencymethods.PaymentTest@1a6d8329]" name="paymentInDollers" class="testng.dependencymethods.PaymentTest"/>
      </group> <!-- regression -->
      <group name="sanity">
        <method signature="LoginTests.loginByEmail()[pri:1, instance:testng.dependencymethods.LoginTests@5677323c]" name="loginByEmail" class="testng.dependencymethods.LoginTests"/>
        <method signature="PaymentTest.paymentInRupees()[pri:1, instance:testng.dependencymethods.PaymentTest@1a6d8329]" name="paymentInRupees" class="testng.dependencymethods.PaymentTest"/>
        <method signature="LoginTests.loginByFaceBook()[pri:2, instance:testng.dependencymethods.LoginTests@5677323c]" name="loginByFaceBook" class="testng.dependencymethods.LoginTests"/>
        <method signature="PaymentTest.paymentInDollers()[pri:2, instance:testng.dependencymethods.PaymentTest@1a6d8329]" name="paymentInDollers" class="testng.dependencymethods.PaymentTest"/>
        <method signature="LoginTests.loginByTwitter()[pri:3, instance:testng.dependencymethods.LoginTests@5677323c]" name="loginByTwitter" class="testng.dependencymethods.LoginTests"/>
      </group> <!-- sanity -->
    </groups>
    <test started-at="2024-07-06T20:59:23 IST" name="Test" finished-at="2024-07-06T20:59:23 IST" duration-ms="70">
      <class name="testng.dependencymethods.LoginTests">
        <test-method signature="loginByEmail()[pri:1, instance:testng.dependencymethods.LoginTests@5677323c]" started-at="2024-07-06T20:59:23 IST" name="loginByEmail" finished-at="2024-07-06T20:59:23 IST" duration-ms="8" status="PASS">
          <reporter-output>
          </reporter-output>
        </test-method> <!-- loginByEmail -->
        <test-method signature="loginByFaceBook()[pri:2, instance:testng.dependencymethods.LoginTests@5677323c]" started-at="2024-07-06T20:59:23 IST" name="loginByFaceBook" finished-at="2024-07-06T20:59:23 IST" duration-ms="2" status="PASS">
          <reporter-output>
          </reporter-output>
        </test-method> <!-- loginByFaceBook -->
        <test-method signature="loginByTwitter()[pri:3, instance:testng.dependencymethods.LoginTests@5677323c]" started-at="2024-07-06T20:59:23 IST" name="loginByTwitter" finished-at="2024-07-06T20:59:23 IST" duration-ms="1" status="PASS">
          <reporter-output>
          </reporter-output>
        </test-method> <!-- loginByTwitter -->
      </class> <!-- testng.dependencymethods.LoginTests -->
      <class name="testng.dependencymethods.PaymentTest">
        <test-method signature="paymentInRupees()[pri:1, instance:testng.dependencymethods.PaymentTest@1a6d8329]" started-at="2024-07-06T20:59:23 IST" name="paymentInRupees" finished-at="2024-07-06T20:59:23 IST" duration-ms="1" status="PASS">
          <reporter-output>
          </reporter-output>
        </test-method> <!-- paymentInRupees -->
        <test-method signature="paymentInDollers()[pri:2, instance:testng.dependencymethods.PaymentTest@1a6d8329]" started-at="2024-07-06T20:59:23 IST" name="paymentInDollers" finished-at="2024-07-06T20:59:23 IST" duration-ms="2" status="PASS">
          <reporter-output>
          </reporter-output>
        </test-method> <!-- paymentInDollers -->
      </class> <!-- testng.dependencymethods.PaymentTest -->
    </test> <!-- Test -->
  </suite> <!-- Groups -->
</testng-results>
