<?xml version="1.0" encoding="UTF-8"?>
<testng-results ignored="0" total="4" passed="4" failed="0" skipped="0">
  <reporter-output>
  </reporter-output>
  <suite started-at="2024-07-14T01:44:17 IST" name="Suite" finished-at="2024-07-14T01:44:30 IST" duration-ms="12341">
    <groups>
    </groups>
    <test started-at="2024-07-14T01:44:17 IST" name="Test" finished-at="2024-07-14T01:44:30 IST" duration-ms="12341">
      <class name="testng.firstcase.OrangeHRMTest">
        <test-method signature="openBrowser()[pri:1, instance:testng.firstcase.OrangeHRMTest@38cee291]" started-at="2024-07-14T01:44:18 IST" name="openBrowser" finished-at="2024-07-14T01:44:23 IST" duration-ms="5690" status="PASS">
          <reporter-output>
          </reporter-output>
        </test-method> <!-- openBrowser -->
        <test-method signature="testLogo()[pri:2, instance:testng.firstcase.OrangeHRMTest@38cee291]" started-at="2024-07-14T01:44:23 IST" name="testLogo" finished-at="2024-07-14T01:44:26 IST" duration-ms="3067" status="PASS">
          <reporter-output>
          </reporter-output>
        </test-method> <!-- testLogo -->
        <test-method signature="login()[pri:3, instance:testng.firstcase.OrangeHRMTest@38cee291]" started-at="2024-07-14T01:44:26 IST" name="login" finished-at="2024-07-14T01:44:30 IST" duration-ms="3222" status="PASS">
          <reporter-output>
          </reporter-output>
        </test-method> <!-- login -->
        <test-method signature="closeBrowser()[pri:4, instance:testng.firstcase.OrangeHRMTest@38cee291]" started-at="2024-07-14T01:44:30 IST" name="closeBrowser" finished-at="2024-07-14T01:44:30 IST" duration-ms="77" status="PASS">
          <reporter-output>
          </reporter-output>
        </test-method> <!-- closeBrowser -->
      </class> <!-- testng.firstcase.OrangeHRMTest -->
    </test> <!-- Test -->
  </suite> <!-- Suite -->
</testng-results>
