<?xml version="1.0" encoding="UTF-8"?>
<!-- Generated by org.testng.reporters.JUnitXMLReporter -->
<testsuite ignored="0" hostname="MohanKumar" failures="0" tests="4" name="Edge" time="0.072" errors="0" timestamp="2024-07-14T01:18:56 IST">
  <testcase classname="testng.dataprovider.ParamTest" name="testLogo" time="0.001">
    <skipped/>
  </testcase> <!-- testLogo -->
  <testcase classname="testng.dataprovider.ParamTest" name="testTitle" time="0.0">
    <skipped/>
  </testcase> <!-- testTitle -->
  <testcase classname="testng.dataprovider.ParamTest" name="testURL" time="0.0">
    <skipped/>
  </testcase> <!-- testURL -->
  <testcase classname="testng.dataprovider.ParamTest" name="login" time="0.0">
    <skipped/>
  </testcase> <!-- login -->
</testsuite> <!-- Edge -->
