<?xml version="1.0" encoding="UTF-8"?>
<!-- Generated by org.testng.reporters.JUnitXMLReporter -->
<testsuite ignored="0" hostname="MohanKumar" failures="0" tests="4" name="Test" time="12.341" errors="0" timestamp="2024-07-14T01:44:30 IST">
  <testcase classname="testng.firstcase.OrangeHRMTest" name="openBrowser" time="5.69"/>
  <testcase classname="testng.firstcase.OrangeHRMTest" name="testLogo" time="3.067"/>
  <testcase classname="testng.firstcase.OrangeHRMTest" name="login" time="3.222"/>
  <testcase classname="testng.firstcase.OrangeHRMTest" name="closeBrowser" time="0.077"/>
</testsuite> <!-- Test -->
