<?xml version="1.0" encoding="UTF-8"?>
<!-- Generated by org.testng.reporters.JUnitXMLReporter -->
<testsuite ignored="0" hostname="MohanKumar" failures="0" tests="3" name="Test" time="0.064" errors="0" timestamp="2024-07-06T19:18:06 IST">
  <testcase classname="testng.annotations.AllAnnotations" name="abc" time="0.006"/>
  <testcase classname="testng.annotations.AllAnnotations" name="xyz" time="0.002"/>
  <testcase classname="testng.annotations.AllAnnotations" name="pqr" time="0.001"/>
</testsuite> <!-- Test -->
