<?xml version="1.0" encoding="UTF-8"?>
<!-- Generated by org.testng.reporters.JUnitXMLReporter -->
<testsuite ignored="0" hostname="MohanKumar" failures="0" tests="4" name="Default test" time="14.331" errors="0" timestamp="2024-07-14T01:29:16 IST">
  <testcase classname="testng.firstcase.OrangeHRMTest" name="openBrowser" time="7.862"/>
  <testcase classname="testng.firstcase.OrangeHRMTest" name="testLogo" time="3.071"/>
  <testcase classname="testng.firstcase.OrangeHRMTest" name="login" time="3.233"/>
  <testcase classname="testng.firstcase.OrangeHRMTest" name="closeBrowser" time="0.113"/>
</testsuite> <!-- Default test -->
